<?xml version="1.0" encoding="UTF-8"?>
<!-- Generated by org.testng.reporters.JUnitReportReporter -->
<testsuite skipped="0" hostname="tm-6" name="com.TestCases.TC_01_Verify_Forgotpwd_link_is_available" tests="1" failures="0" timestamp="13 Jun 2018 04:12:44 GMT" time="62.347" errors="0">
  <testcase name="verify_forgotpwd_link" time="62.347" classname="com.TestCases.TC_01_Verify_Forgotpwd_link_is_available"/>
</testsuite> <!-- com.TestCases.TC_01_Verify_Forgotpwd_link_is_available -->
